2022-04-29 19:21:10,248 [INFO] eachRequestResponse: UPLOADED A NEW FILE
2022-04-29 19:27:50,814 [INFO] eachRequestResponse: Before app request
2022-04-29 19:27:51,107 [INFO] eachRequestResponse: Before app request
2022-04-29 19:27:51,399 [INFO] eachRequestResponse: Before app request
2022-04-29 19:27:51,634 [INFO] eachRequestResponse: Before app request
2022-04-29 19:27:51,877 [INFO] eachRequestResponse: Before app request
2022-04-29 19:27:52,432 [INFO] eachRequestResponse: Before app request
2022-04-29 19:27:52,664 [INFO] eachRequestResponse: Before app request
2022-04-29 19:27:52,892 [INFO] eachRequestResponse: Before app request
2022-04-29 19:27:53,149 [INFO] eachRequestResponse: Before app request
2022-04-29 19:27:53,428 [INFO] eachRequestResponse: Before app request
2022-04-29 19:27:53,687 [INFO] eachRequestResponse: Before app request
2022-04-29 19:27:53,986 [INFO] eachRequestResponse: Before app request
2022-04-29 19:27:54,292 [INFO] eachRequestResponse: Before app request
2022-04-29 19:27:54,576 [INFO] eachRequestResponse: Before app request
2022-04-29 19:27:54,845 [INFO] eachRequestResponse: Before app request
2022-04-29 19:27:55,114 [INFO] eachRequestResponse: Before app request
2022-04-29 19:37:00,913 [INFO] eachRequestResponse: Before app request
2022-04-29 19:37:00,916 [INFO] eachRequestResponse: user login 
2022-04-29 19:37:00,922 [INFO] eachRequestResponse: user validate on submit
2022-04-29 19:37:00,928 [INFO] eachRequestResponse: Invalid username or password mistake
2022-04-29 19:37:00,934 [INFO] eachRequestResponse: user login 
2022-04-29 19:37:01,170 [INFO] eachRequestResponse: Before app request
2022-04-29 19:37:01,172 [INFO] eachRequestResponse: user login 
2022-04-29 19:37:01,176 [INFO] eachRequestResponse: user validate on submit
2022-04-29 19:37:01,188 [INFO] eachRequestResponse: Invalid username or password mistake
2022-04-29 19:37:01,196 [INFO] eachRequestResponse: user login 
2022-04-29 19:37:01,447 [INFO] eachRequestResponse: Before app request
2022-04-29 19:37:01,452 [INFO] eachRequestResponse: user login 
2022-04-29 19:37:01,661 [INFO] eachRequestResponse: Before app request
2022-04-29 19:37:01,663 [INFO] eachRequestResponse: opened home page
2022-04-29 19:37:01,873 [INFO] eachRequestResponse: Before app request
2022-04-29 19:37:01,990 [INFO] eachRequestResponse: user login 
2022-04-29 19:37:02,071 [INFO] eachRequestResponse: create_database
2022-04-29 19:37:02,356 [INFO] eachRequestResponse: Before app request
2022-04-29 19:37:02,359 [INFO] eachRequestResponse: opened home page
2022-04-29 19:37:02,595 [INFO] eachRequestResponse: Before app request
2022-04-29 19:37:02,598 [INFO] eachRequestResponse: opened home page
2022-04-29 19:37:02,806 [INFO] eachRequestResponse: Before app request
2022-04-29 19:37:02,809 [INFO] eachRequestResponse: opened home page
2022-04-29 19:37:03,050 [INFO] eachRequestResponse: Before app request
2022-04-29 19:37:03,052 [INFO] eachRequestResponse: user login 
2022-04-29 19:37:03,056 [INFO] eachRequestResponse: user validate on submit
2022-04-29 19:37:03,064 [INFO] eachRequestResponse: Invalid username or password mistake
2022-04-29 19:37:03,069 [INFO] eachRequestResponse: user login 
2022-04-29 19:37:03,183 [INFO] eachRequestResponse: user login 
2022-04-29 19:37:03,347 [INFO] eachRequestResponse: Before app request
2022-04-29 19:37:03,589 [INFO] eachRequestResponse: Before app request
2022-04-29 19:37:03,591 [INFO] eachRequestResponse: opened home page
2022-04-29 19:37:03,806 [INFO] eachRequestResponse: Before app request
2022-04-29 19:37:03,808 [INFO] eachRequestResponse: opened home page
2022-04-29 19:37:04,017 [INFO] eachRequestResponse: Before app request
2022-04-29 19:37:04,019 [INFO] eachRequestResponse: opened about page
2022-04-29 19:37:04,253 [INFO] eachRequestResponse: Before app request
2022-04-29 19:37:04,257 [INFO] eachRequestResponse: opened about page
2022-04-29 19:37:04,477 [INFO] eachRequestResponse: Before app request
2022-04-29 19:37:04,684 [INFO] eachRequestResponse: Before app request
2022-04-29 19:37:04,689 [INFO] eachRequestResponse: user login 
2022-04-29 19:37:04,816 [INFO] eachRequestResponse: user login 
2022-04-29 19:37:16,137 [INFO] eachRequestResponse: Before app request
2022-04-29 19:37:16,140 [INFO] eachRequestResponse: opened about page
2022-04-29 19:37:16,891 [INFO] eachRequestResponse: user dashboard
2022-04-29 19:37:24,168 [INFO] eachRequestResponse: opened about page
2022-04-29 19:37:29,703 [INFO] eachRequestResponse: opened about page
2022-04-29 19:37:57,096 [INFO] eachRequestResponse: Before app request
2022-04-29 19:37:57,100 [INFO] eachRequestResponse: opened about page
2022-04-29 19:37:57,431 [INFO] eachRequestResponse: opened welcome page
2022-04-29 19:37:58,259 [INFO] eachRequestResponse: opened about page
2022-04-29 19:38:11,669 [INFO] app: Browse page loading
2022-04-29 19:39:42,454 [INFO] eachRequestResponse: Before app request
2022-04-29 19:39:42,478 [INFO] eachRequestResponse: browse user
2022-04-29 19:39:42,491 [INFO] app: Browse page loading
2022-04-29 19:41:14,738 [INFO] eachRequestResponse: Before app request
2022-04-29 19:41:14,742 [INFO] eachRequestResponse: browse location
2022-04-29 19:41:16,145 [INFO] eachRequestResponse: opened about page
2022-04-29 19:41:16,676 [INFO] eachRequestResponse: opened welcome page
2022-04-29 19:41:17,512 [INFO] eachRequestResponse: map locations
2022-04-29 19:41:17,577 [INFO] eachRequestResponse: api locations
2022-04-29 19:41:32,097 [INFO] eachRequestResponse: browse user
2022-04-29 19:41:32,110 [INFO] app: Browse page loading
2022-04-29 19:41:36,805 [INFO] eachRequestResponse: Retrieve user
2022-04-29 19:41:36,819 [INFO] eachRequestResponse: Retrieve user
2022-04-29 19:41:36,821 [INFO] eachRequestResponse: Retrieve user
2022-04-29 19:41:44,115 [INFO] eachRequestResponse: browse user
2022-04-29 19:41:44,129 [INFO] app: Browse page loading
2022-04-29 19:41:45,447 [INFO] eachRequestResponse: Edit user
2022-04-29 19:45:53,199 [INFO] eachRequestResponse: Before app request
2022-04-29 19:45:53,202 [INFO] eachRequestResponse: edit profile
2022-04-29 19:45:54,014 [INFO] eachRequestResponse: opened welcome page
2022-04-29 19:45:54,482 [INFO] eachRequestResponse: map locations
2022-04-29 19:45:54,645 [INFO] eachRequestResponse: api locations
2022-04-29 19:47:29,989 [INFO] eachRequestResponse: Before app request
2022-04-29 19:47:29,992 [INFO] eachRequestResponse: opened about page
2022-04-29 19:47:30,335 [INFO] eachRequestResponse: opened welcome page
2022-04-29 19:48:38,002 [INFO] eachRequestResponse: Before app request
2022-04-29 19:48:38,005 [INFO] eachRequestResponse: map locations
2022-04-29 19:48:38,209 [INFO] eachRequestResponse: api locations
2022-04-29 19:48:38,376 [INFO] eachRequestResponse: opened about page
2022-04-29 19:50:51,087 [INFO] eachRequestResponse: Before app request
2022-04-29 19:50:51,112 [INFO] eachRequestResponse: user dashboard
2022-04-29 19:50:51,490 [INFO] eachRequestResponse: map locations
2022-04-29 19:50:51,569 [INFO] eachRequestResponse: api locations
2022-04-29 19:50:51,880 [INFO] eachRequestResponse: opened welcome page
2022-04-29 19:51:42,966 [INFO] eachRequestResponse: Before app request
2022-04-29 19:51:42,969 [INFO] eachRequestResponse: opened about page
2022-04-29 19:51:43,433 [INFO] eachRequestResponse: map locations
2022-04-29 19:51:43,529 [INFO] eachRequestResponse: api locations
2022-04-29 19:51:43,835 [INFO] eachRequestResponse: user dashboard
2022-04-29 19:52:04,889 [INFO] eachRequestResponse: Before app request
2022-04-29 19:52:04,892 [INFO] eachRequestResponse: opened about page
2022-04-29 19:52:04,892 [INFO] eachRequestResponse: opened welcome page
2022-04-29 19:52:40,766 [INFO] eachRequestResponse: opened about page
2022-04-29 19:52:41,830 [INFO] eachRequestResponse: Before app request
2022-04-29 19:52:41,834 [INFO] eachRequestResponse: map locations
2022-04-29 19:52:42,022 [INFO] eachRequestResponse: user dashboard
2022-04-29 19:53:19,488 [INFO] eachRequestResponse: Before app request
2022-04-29 19:53:19,496 [INFO] eachRequestResponse: map locations
2022-04-29 19:53:19,496 [INFO] eachRequestResponse: opened welcome page
2022-04-29 19:53:19,817 [INFO] eachRequestResponse: opened about page
2022-04-29 19:53:31,672 [INFO] eachRequestResponse: Before app request
2022-04-29 19:53:31,675 [INFO] eachRequestResponse: user login 
2022-04-29 19:53:31,679 [INFO] eachRequestResponse: user validate on submit
2022-04-29 19:53:31,685 [INFO] eachRequestResponse: Invalid username or password mistake
2022-04-29 19:53:31,691 [INFO] eachRequestResponse: user login 
2022-04-29 19:53:31,921 [INFO] eachRequestResponse: Before app request
2022-04-29 19:53:31,924 [INFO] eachRequestResponse: user login 
2022-04-29 19:53:31,928 [INFO] eachRequestResponse: user validate on submit
2022-04-29 19:53:31,938 [INFO] eachRequestResponse: Invalid username or password mistake
2022-04-29 19:53:31,943 [INFO] eachRequestResponse: user login 
2022-04-29 19:53:32,163 [INFO] eachRequestResponse: Before app request
2022-04-29 19:53:32,168 [INFO] eachRequestResponse: user login 
2022-04-29 19:53:32,394 [INFO] eachRequestResponse: Before app request
2022-04-29 19:53:32,396 [INFO] eachRequestResponse: opened home page
2022-04-29 19:53:32,652 [INFO] eachRequestResponse: Before app request
2022-04-29 19:53:32,769 [INFO] eachRequestResponse: user login 
2022-04-29 19:53:32,855 [INFO] eachRequestResponse: create_database
2022-04-29 19:53:33,133 [INFO] eachRequestResponse: Before app request
2022-04-29 19:53:33,135 [INFO] eachRequestResponse: opened home page
2022-04-29 19:53:33,346 [INFO] eachRequestResponse: Before app request
2022-04-29 19:53:33,348 [INFO] eachRequestResponse: opened home page
2022-04-29 19:53:33,560 [INFO] eachRequestResponse: Before app request
2022-04-29 19:53:33,562 [INFO] eachRequestResponse: opened home page
2022-04-29 19:53:33,807 [INFO] eachRequestResponse: Before app request
2022-04-29 19:53:33,810 [INFO] eachRequestResponse: user login 
2022-04-29 19:53:33,814 [INFO] eachRequestResponse: user validate on submit
2022-04-29 19:53:33,822 [INFO] eachRequestResponse: Invalid username or password mistake
2022-04-29 19:53:33,827 [INFO] eachRequestResponse: user login 
2022-04-29 19:53:33,943 [INFO] eachRequestResponse: user login 
2022-04-29 19:53:34,090 [INFO] eachRequestResponse: Before app request
2022-04-29 19:53:34,351 [INFO] eachRequestResponse: Before app request
2022-04-29 19:53:34,353 [INFO] eachRequestResponse: opened home page
2022-04-29 19:53:34,576 [INFO] eachRequestResponse: Before app request
2022-04-29 19:53:34,578 [INFO] eachRequestResponse: opened home page
2022-04-29 19:53:34,787 [INFO] eachRequestResponse: Before app request
2022-04-29 19:53:34,789 [INFO] eachRequestResponse: opened about page
2022-04-29 19:53:35,005 [INFO] eachRequestResponse: Before app request
2022-04-29 19:53:35,008 [INFO] eachRequestResponse: opened welcome page
2022-04-29 19:53:35,223 [INFO] eachRequestResponse: Before app request
2022-04-29 19:53:35,434 [INFO] eachRequestResponse: Before app request
2022-04-29 19:53:35,438 [INFO] eachRequestResponse: user login 
2022-04-29 19:53:35,561 [INFO] eachRequestResponse: user login 
2022-04-29 21:49:43,725 [INFO] eachRequestResponse: Before app request
2022-04-29 21:49:43,729 [INFO] eachRequestResponse: user login 
2022-04-29 21:49:43,734 [INFO] eachRequestResponse: user validate on submit
2022-04-29 21:49:43,739 [INFO] eachRequestResponse: Invalid username or password mistake
2022-04-29 21:49:43,745 [INFO] eachRequestResponse: user login 
2022-04-29 21:49:44,030 [INFO] eachRequestResponse: Before app request
2022-04-29 21:49:44,034 [INFO] eachRequestResponse: user login 
2022-04-29 21:49:44,038 [INFO] eachRequestResponse: user validate on submit
2022-04-29 21:49:44,048 [INFO] eachRequestResponse: Invalid username or password mistake
2022-04-29 21:49:44,054 [INFO] eachRequestResponse: user login 
2022-04-29 21:49:44,302 [INFO] eachRequestResponse: Before app request
2022-04-29 21:49:44,307 [INFO] eachRequestResponse: user login 
2022-04-29 21:49:44,561 [INFO] eachRequestResponse: Before app request
2022-04-29 21:49:44,563 [INFO] eachRequestResponse: opened home page
2022-04-29 21:49:44,819 [INFO] eachRequestResponse: Before app request
2022-04-29 21:49:44,966 [INFO] eachRequestResponse: user login 
2022-04-29 21:49:45,093 [INFO] eachRequestResponse: create_database
2022-04-29 21:49:45,567 [INFO] eachRequestResponse: Before app request
2022-04-29 21:49:45,569 [INFO] eachRequestResponse: opened home page
2022-04-29 21:49:45,832 [INFO] eachRequestResponse: Before app request
2022-04-29 21:49:45,839 [INFO] eachRequestResponse: opened home page
2022-04-29 21:49:46,076 [INFO] eachRequestResponse: Before app request
2022-04-29 21:49:46,078 [INFO] eachRequestResponse: opened home page
2022-04-29 21:49:46,351 [INFO] eachRequestResponse: Before app request
2022-04-29 21:49:46,353 [INFO] eachRequestResponse: user login 
2022-04-29 21:49:46,357 [INFO] eachRequestResponse: user validate on submit
2022-04-29 21:49:46,365 [INFO] eachRequestResponse: Invalid username or password mistake
2022-04-29 21:49:46,370 [INFO] eachRequestResponse: user login 
2022-04-29 21:49:46,490 [INFO] eachRequestResponse: user login 
2022-04-29 21:49:46,661 [INFO] eachRequestResponse: Before app request
2022-04-29 21:49:46,950 [INFO] eachRequestResponse: Before app request
2022-04-29 21:49:46,953 [INFO] eachRequestResponse: opened home page
2022-04-29 21:49:47,199 [INFO] eachRequestResponse: Before app request
2022-04-29 21:49:47,201 [INFO] eachRequestResponse: opened home page
2022-04-29 21:49:47,447 [INFO] eachRequestResponse: Before app request
2022-04-29 21:49:47,449 [INFO] eachRequestResponse: opened about page
2022-04-29 21:49:47,705 [INFO] eachRequestResponse: Before app request
2022-04-29 21:49:47,708 [INFO] eachRequestResponse: opened welcome page
2022-04-29 21:49:47,940 [INFO] eachRequestResponse: Before app request
2022-04-29 21:49:48,179 [INFO] eachRequestResponse: Before app request
2022-04-29 21:49:48,184 [INFO] eachRequestResponse: user login 
2022-04-29 21:49:48,301 [INFO] eachRequestResponse: user login 
2022-04-29 21:50:43,117 [INFO] eachRequestResponse: Before app request
2022-04-29 21:50:43,121 [INFO] eachRequestResponse: user login 
2022-04-29 21:50:43,126 [INFO] eachRequestResponse: user validate on submit
2022-04-29 21:50:43,132 [INFO] eachRequestResponse: Invalid username or password mistake
2022-04-29 21:50:43,138 [INFO] eachRequestResponse: user login 
2022-04-29 21:50:43,430 [INFO] eachRequestResponse: Before app request
2022-04-29 21:50:43,437 [INFO] eachRequestResponse: user login 
2022-04-29 21:50:43,445 [INFO] eachRequestResponse: user validate on submit
2022-04-29 21:50:43,459 [INFO] eachRequestResponse: Invalid username or password mistake
2022-04-29 21:50:43,465 [INFO] eachRequestResponse: user login 
2022-04-29 21:50:43,740 [INFO] eachRequestResponse: Before app request
2022-04-29 21:50:43,745 [INFO] eachRequestResponse: user login 
2022-04-29 21:50:43,988 [INFO] eachRequestResponse: Before app request
2022-04-29 21:50:43,991 [INFO] eachRequestResponse: opened home page
2022-04-29 21:50:44,232 [INFO] eachRequestResponse: Before app request
2022-04-29 21:50:44,349 [INFO] eachRequestResponse: user login 
2022-04-29 21:50:44,457 [INFO] eachRequestResponse: create_database
2022-04-29 21:50:44,814 [INFO] eachRequestResponse: Before app request
2022-04-29 21:50:44,816 [INFO] eachRequestResponse: opened home page
2022-04-29 21:50:45,051 [INFO] eachRequestResponse: Before app request
2022-04-29 21:50:45,053 [INFO] eachRequestResponse: opened home page
2022-04-29 21:50:45,295 [INFO] eachRequestResponse: Before app request
2022-04-29 21:50:45,297 [INFO] eachRequestResponse: opened home page
2022-04-29 21:50:45,569 [INFO] eachRequestResponse: Before app request
2022-04-29 21:50:45,571 [INFO] eachRequestResponse: user login 
2022-04-29 21:50:45,575 [INFO] eachRequestResponse: user validate on submit
2022-04-29 21:50:45,593 [INFO] eachRequestResponse: Invalid username or password mistake
2022-04-29 21:50:45,601 [INFO] eachRequestResponse: user login 
2022-04-29 21:50:45,718 [INFO] eachRequestResponse: user login 
2022-04-29 21:50:45,887 [INFO] eachRequestResponse: Before app request
2022-04-29 21:50:46,168 [INFO] eachRequestResponse: Before app request
2022-04-29 21:50:46,170 [INFO] eachRequestResponse: opened home page
2022-04-29 21:50:46,400 [INFO] eachRequestResponse: Before app request
2022-04-29 21:50:46,402 [INFO] eachRequestResponse: opened home page
2022-04-29 21:50:46,617 [INFO] eachRequestResponse: Before app request
2022-04-29 21:50:46,619 [INFO] eachRequestResponse: opened about page
2022-04-29 21:50:46,850 [INFO] eachRequestResponse: Before app request
2022-04-29 21:50:46,852 [INFO] eachRequestResponse: opened welcome page
2022-04-29 21:50:47,132 [INFO] eachRequestResponse: Before app request
2022-04-29 21:50:47,392 [INFO] eachRequestResponse: Before app request
2022-04-29 21:50:47,398 [INFO] eachRequestResponse: user login 
2022-04-29 21:50:47,524 [INFO] eachRequestResponse: user login 
2022-04-30 03:48:09,421 [INFO] eachRequestResponse: Before app request
2022-04-30 03:48:09,424 [INFO] eachRequestResponse: opened home page
2022-04-30 03:48:11,150 [INFO] eachRequestResponse: opened welcome page
2022-04-30 03:48:11,613 [INFO] eachRequestResponse: opened about page
2022-04-30 03:48:11,996 [INFO] eachRequestResponse: map locations
2022-04-30 03:48:12,234 [INFO] eachRequestResponse: api locations
2022-04-30 03:48:13,569 [INFO] eachRequestResponse: user login 
